<?xml version="1.0" encoding="UTF-8"?>
<!-- Generated by org.testng.reporters.JUnitXMLReporter -->
<testsuite ignored="0" hostname="SATHYAKUMAR" failures="1" tests="1" name="Login Test" time="11.314" errors="0" timestamp="2025-06-29T19:21:31 IST">
  <testcase classname="tests.EndToEndTest" name="completePurchaseFlow" time="1.782">
    <failure type="java.lang.AssertionError" message="Order not completed successfully! expected [true] but found [false]">
      <![CDATA[java.lang.AssertionError: Order not completed successfully! expected [true] but found [false]
at tests.EndToEndTest.completePurchaseFlow(EndToEndTest.java:33)
at java.base/java.util.ArrayList.forEach(ArrayList.java:1596)
... Removed 28 stack frames]]>
    </failure>
  </testcase> <!-- completePurchaseFlow -->
</testsuite> <!-- Login Test -->
